<?xml version="1.0" encoding="UTF-8" ?>

<testsuite failures="0" time="0.392" errors="0" skipped="0" tests="4" name="BasicTest">
  <testcase classname="BasicTest" name="tryConnectAsUser" time="0.29">
      </testcase>
  <testcase classname="BasicTest" name="postComments" time="0.043">
      </testcase>
  <testcase classname="BasicTest" name="createPost" time="0.015">
      </testcase>
  <testcase classname="BasicTest" name="useTheCommentsRelation" time="0.044">
      </testcase>
</testsuite>