<?xml version="1.0" encoding="UTF-8" ?>

<testsuite failures="0" time="0.107" errors="0" skipped="0" tests="4" name="BasicTest">
  <testcase classname="BasicTest" name="tryConnectAsUser" time="0.013">
      </testcase>
  <testcase classname="BasicTest" name="postComments" time="0.019">
      </testcase>
  <testcase classname="BasicTest" name="createPost" time="0.045">
      </testcase>
  <testcase classname="BasicTest" name="useTheCommentsRelation" time="0.03">
      </testcase>
</testsuite>